0 info it worked if it ends with ok
1 verbose cli [ 'node', '/usr/local/bin/npm', 'run', 'lint' ]
2 info using npm@2.5.1
3 info using node@v1.1.0
4 verbose node symlink /usr/local/bin/node
5 verbose run-script [ 'prelint', 'lint', 'postlint' ]
6 info prelint Chart.Streamgraph@0.0.1
7 info lint Chart.Streamgraph@0.0.1
8 verbose unsafe-perm in lifecycle true
9 info Chart.Streamgraph@0.0.1 Failed to exec lint script
10 verbose stack Error: Chart.Streamgraph@0.0.1 lint: `jshint **.js`
10 verbose stack Exit status 2
10 verbose stack     at EventEmitter.<anonymous> (/usr/local/lib/node_modules/npm/lib/utils/lifecycle.js:213:16)
10 verbose stack     at EventEmitter.emit (events.js:100:17)
10 verbose stack     at ChildProcess.<anonymous> (/usr/local/lib/node_modules/npm/lib/utils/spawn.js:14:12)
10 verbose stack     at ChildProcess.emit (events.js:100:17)
10 verbose stack     at maybeClose (child_process.js:981:16)
10 verbose stack     at Process.ChildProcess._handle.onexit (child_process.js:1053:5)
11 verbose pkgid Chart.Streamgraph@0.0.1
12 verbose cwd /Users/tmroyal/Documents/portfolio/chartJSPlugin/streamGraph/mainRepo/Chart.Streamgraph
13 error Darwin 13.2.0
14 error argv "node" "/usr/local/bin/npm" "run" "lint"
15 error node v1.1.0
16 error npm  v2.5.1
17 error code ELIFECYCLE
18 error Chart.Streamgraph@0.0.1 lint: `jshint **.js`
18 error Exit status 2
19 error Failed at the Chart.Streamgraph@0.0.1 lint script 'jshint **.js'.
19 error This is most likely a problem with the Chart.Streamgraph package,
19 error not with npm itself.
19 error Tell the author that this fails on your system:
19 error     jshint **.js
19 error You can get their info via:
19 error     npm owner ls Chart.Streamgraph
19 error There is likely additional logging output above.
20 verbose exit [ 1, true ]
